<?xml version="1.0" encoding="UTF-8"?>
<!-- Generated by org.testng.reporters.JUnitReportReporter -->
<testsuite skipped="0" hostname="Prasanna-PC" name="com.crm.testcases.LoginPageTest" tests="3" failures="0" timestamp="23 Apr 2018 17:39:34 GMT" time="60.066" errors="0">
  <testcase name="verifyFreeCRMLogoTest" time="16.519" classname="com.crm.testcases.LoginPageTest"/>
  <testcase name="titleTest" time="15.614" classname="com.crm.testcases.LoginPageTest"/>
  <testcase name="verifyLoginTest" time="27.933" classname="com.crm.testcases.LoginPageTest"/>
</testsuite> <!-- com.crm.testcases.LoginPageTest -->
