<?xml version="1.0" encoding="UTF-8"?>
<!-- Generated by org.testng.reporters.JUnitReportReporter -->
<testsuite skipped="0" hostname="Prasanna-PC" name="com.crm.testcases.LoginPageTest" tests="3" failures="0" timestamp="10 May 2018 07:40:49 GMT" time="71.031" errors="0">
  <testcase name="verifyFreeCRMLogoTest" time="15.453" classname="com.crm.testcases.LoginPageTest"/>
  <testcase name="titleTest" time="18.575" classname="com.crm.testcases.LoginPageTest"/>
  <testcase name="verifyLoginTest" time="37.003" classname="com.crm.testcases.LoginPageTest"/>
</testsuite> <!-- com.crm.testcases.LoginPageTest -->
