<?xml version="1.0" encoding="UTF-8"?>
<!-- Generated by org.testng.reporters.JUnitReportReporter -->
<testsuite skipped="0" hostname="Prasanna-PC" name="com.crm.testcases.LoginPageTest" tests="3" failures="0" timestamp="05 May 2018 20:11:40 GMT" time="115.842" errors="0">
  <testcase name="verifyFreeCRMLogoTest" time="25.948" classname="com.crm.testcases.LoginPageTest"/>
  <testcase name="titleTest" time="39.673" classname="com.crm.testcases.LoginPageTest"/>
  <testcase name="verifyLoginTest" time="50.221" classname="com.crm.testcases.LoginPageTest"/>
</testsuite> <!-- com.crm.testcases.LoginPageTest -->
